-9686
7 27 -100
14 23 -100
14 27 -100
2 0 -100
10 9 -100
28 7 -100
17 15 -100
5 11 -99
29 9 -99
10 8 -99
20 6 -98
4 13 -98
17 10 -98
4 2 -98
25 3 -97
22 19 -97
24 3 -97
29 21 -96
25 5 -96
7 29 -95
1 4 -95
16 11 -95
1 7 -95
23 20 -94
0 15 -94
28 15 -94
17 3 -93
9 28 -93
16 7 -93
2 9 -93
0 17 -92
19 29 -92
26 15 -92
6 29 -92
16 17 -92
27 26 -92
29 11 -92
16 5 -91
2 26 -91
28 5 -91
0 18 -91
0 10 -91
12 1 -91
24 8 -91
17 19 -91
4 10 -91
19 11 -91
23 15 -90
14 11 -90
12 16 -90
17 27 -90
21 17 -89
19 26 -89
2 23 -88
9 23 -88
7 12 -88
15 25 -88
2 1 -88
10 16 -87
18 16 -87
6 15 -87
14 17 -87
20 25 -86
5 8 -85
11 1 -85
11 29 -85
21 10 -84
16 19 -84
29 3 -84
27 22 -83
25 1 -82
8 21 -82
15 22 -82
16 15 -81
1 8 -81
27 7 -81
14 9 -80
26 22 -80
27 19 -80
3 26 -80
19 12 -80
20 0 -80
10 4 -79
23 17 -79
4 16 -78
22 25 -78
13 3 -78
17 11 -78
26 5 -77
12 3 -77
13 8 -77
6 28 -77
27 29 -76
19 14 -76
12 2 -75
0 20 -75
13 1 -75
9 10 -75
8 0 -75
3 29 -74
26 12 -74
13 7 -74
13 22 -74
5 14 -74
25 26 -73
28 0 -73
9 6 -73
27 20 -73
2 29 -72
25 6 -72
11 2 -72
24 17 -71
21 6 -71
11 7 -71
6 20 -71
24 4 -70
18 29 -70
13 6 -70
25 8 -69
21 27 -68
2 17 -68
13 28 -68
9 20 -68
29 13 -68
6 14 -68
13 23 -68
19 3 -67
0 9 -67
2 22 -67
28 29 -67
29 10 -67
17 14 -67
23 3 -67
16 23 -66
6 16 -66
27 5 -66
0 4 -65
28 1 -65
12 21 -65
16 2 -65
9 24 -65
25 24 -65
21 25 -65
29 19 -64
5 25 -64
12 19 -64
14 16 -63
23 19 -63
13 15 -63
28 9 -63
11 28 -63
17 25 -62
3 16 -62
15 28 -62
0 8 -61
14 19 -61
20 24 -61
11 14 -60
26 25 -60
21 12 -60
22 23 -60
24 7 -60
13 9 -60
3 28 -59
7 17 -59
18 11 -59
24 12 -58
26 9 -58
4 24 -58
17 6 -57
20 23 -56
11 27 -56
5 24 -56
16 21 -56
20 18 -56
26 18 -56
25 4 -55
9 13 -55
26 29 -55
4 1 -55
12 28 -55
11 9 -55
27 23 -55
13 5 -55
29 8 -55
9 2 -55
2 21 -54
14 0 -54
1 24 -54
24 22 -53
11 23 -52
25 22 -50
16 28 -50
16 22 -50
1 16 -50
11 4 -49
1 10 -49
5 12 -49
14 22 -49
6 26 -49
21 18 -49
7 28 -49
7 0 -48
15 0 -48
5 0 -48
26 16 -48
18 8 -48
8 23 -48
8 28 -47
14 2 -47
16 0 -47
7 9 -47
10 24 -46
10 11 -46
15 7 -46
6 10 -46
25 19 -46
2 27 -46
29 27 -45
25 2 -45
22 29 -45
16 8 -45
8 5 -45
26 0 -44
24 18 -44
24 19 -44
22 7 -44
25 14 -44
6 3 -44
15 11 -43
8 12 -43
22 16 -42
4 0 -42
25 27 -42
18 20 -42
12 20 -42
15 27 -42
18 6 -41
24 6 -40
4 29 -40
9 18 -40
26 10 -39
0 16 -39
27 17 -39
8 4 -38
19 24 -38
20 3 -38
13 21 -38
25 7 -38
1 21 -38
12 24 -37
20 26 -37
24 25 -37
0 12 -37
12 18 -37
7 23 -36
27 18 -35
15 20 -35
12 10 -35
18 0 -35
29 2 -34
19 10 -34
14 18 -34
24 2 -34
23 7 -33
22 8 -33
9 26 -33
27 25 -33
3 11 -33
26 20 -32
27 24 -32
20 19 -32
24 23 -32
16 18 -32
3 7 -32
14 10 -32
12 25 -32
3 0 -32
25 23 -32
29 24 -31
14 28 -31
22 24 -31
21 0 -30
18 10 -30
5 27 -30
6 18 -30
11 18 -30
29 14 -30
20 12 -29
0 26 -29
23 0 -29
2 28 -29
5 16 -28
7 6 -28
7 13 -28
28 14 -28
18 19 -28
18 4 -28
17 0 -27
29 28 -27
18 27 -27
16 4 -26
14 25 -26
2 7 -26
18 9 -25
4 28 -25
14 24 -25
24 26 -25
8 10 -24
11 15 -24
25 21 -24
9 0 -24
7 8 -23
16 20 -23
4 12 -23
26 17 -22
2 4 -22
1 9 -22
5 23 -22
0 11 -22
1 14 -22
10 26 -22
0 13 -21
22 28 -21
6 19 -21
28 24 -21
21 1 -21
18 28 -21
14 4 -21
26 23 -20
21 19 -20
0 21 -20
1 20 -20
4 27 -20
23 24 -20
16 6 -20
18 24 -20
13 12 -20
21 11 -19
20 22 -19
1 11 -19
21 3 -18
5 21 -17
3 22 -17
17 2 -17
5 1 -17
0 6 -17
13 10 -17
1 12 -16
11 22 -16
29 12 -16
26 3 -16
27 28 -15
11 17 -15
12 9 -15
19 17 -15
25 11 -15
9 25 -14
10 27 -14
7 25 -14
2 11 -14
4 18 -13
24 21 -13
7 3 -13
13 27 -13
5 19 -13
23 28 -13
10 1 -12
6 5 -12
20 17 -12
27 15 -12
23 2 -12
12 17 -11
17 16 -11
11 25 -11
7 1 -11
10 0 -11
4 23 -10
23 6 -10
19 9 -10
10 3 -10
15 1 -10
26 19 -10
15 17 -10
5 3 -9
2 25 -9
23 25 -9
29 26 -9
17 4 -8
13 26 -7
4 9 -7
16 25 -7
8 27 -7
12 13 -7
3 5 -7
22 12 -6
16 29 -6
3 21 -6
12 8 -6
15 21 -6
13 19 -6
14 13 -6
3 1 -5
17 23 -5
2 16 -5
23 4 -5
14 1 -5
29 7 -4
10 29 -4
13 2 -4
26 2 -4
27 3 -4
26 14 -4
10 5 -3
7 10 -3
11 19 -3
11 3 -2
4 19 -2
19 20 -2
21 22 -2
27 1 -2
6 17 -2
24 14 -1
25 18 0
20 4 0
26 27 0
3 6 0
19 6 0
15 14 1
15 2 1
22 21 1
18 5 1
23 5 2
20 14 3
15 10 3
17 1 4
15 3 4
11 0 4
28 25 5
19 1 5
23 14 6
3 2 8
22 4 8
16 13 9
7 5 9
22 2 10
27 9 10
24 16 10
20 16 11
18 17 11
5 4 11
13 11 12
26 13 13
28 8 13
20 9 14
24 5 14
27 13 15
14 6 15
10 6 16
15 6 17
22 18 18
9 7 18
29 15 18
20 2 19
20 5 20
26 1 20
26 21 21
6 1 21
22 13 21
29 18 22
21 20 22
23 13 23
22 20 23
7 2 23
24 13 23
13 0 23
28 18 23
24 9 23
18 1 23
20 1 24
10 7 24
4 3 25
29 22 25
27 2 25
27 14 25
25 15 25
24 15 25
23 8 26
19 13 26
29 25 28
23 18 29
24 10 30
21 13 30
14 7 31
25 10 31
20 13 33
20 8 33
26 4 33
14 12 34
6 4 34
22 0 35
26 8 36
10 2 36
29 20 36
24 11 36
19 15 37
18 7 37
25 13 37
23 10 37
1 0 38
21 14 38
15 9 38
28 22 38
9 8 39
17 5 39
16 1 40
15 13 41
8 7 42
23 22 42
24 0 42
29 1 42
29 4 43
8 6 43
18 2 43
21 4 43
17 13 44
28 23 45
18 3 45
22 5 46
16 14 46
6 0 46
29 17 46
27 10 47
23 9 47
25 20 47
12 7 47
29 23 47
26 24 48
22 15 48
28 17 48
19 18 48
24 1 49
17 8 49
28 3 49
29 16 49
29 0 50
26 11 51
15 12 51
11 10 51
19 5 51
22 9 52
12 0 52
22 11 52
21 2 53
27 11 53
27 16 53
16 10 53
14 5 54
26 7 54
19 7 54
28 6 55
13 4 56
19 8 56
19 16 57
21 7 57
28 16 58
18 15 59
28 21 59
27 0 60
12 6 60
8 3 62
21 9 62
28 13 63
28 2 63
28 4 63
28 26 64
22 10 64
23 12 65
16 9 65
12 4 65
18 12 66
17 12 66
17 7 66
23 21 67
25 9 68
20 11 68
11 6 68
28 27 68
22 17 69
28 10 69
8 1 69
15 5 70
14 8 71
22 14 71
9 3 72
28 12 72
5 2 74
24 20 74
29 5 75
21 8 75
27 6 76
14 3 76
25 0 76
21 16 77
12 5 78
19 0 78
19 2 79
19 4 79
26 6 79
22 6 81
23 16 82
21 5 84
20 7 84
6 2 84
9 5 85
25 17 85
28 11 85
21 15 88
29 6 88
16 3 90
22 3 90
27 12 90
18 13 91
23 11 92
27 4 92
12 11 92
9 1 92
8 2 93
11 8 94
16 12 94
27 21 94
18 14 95
25 16 95
7 4 95
11 5 95
22 1 96
15 4 97
9 4 97
25 12 98
28 20 98
20 15 99
17 9 99
20 10 100
23 1 100
27 8 100
15 8 100
28 19 100
