-3330
29 10 -100
45 8 -100
10 39 -100
11 2 -99
33 3 -98
46 31 -97
12 3 -95
17 33 -95
47 16 -94
33 32 -93
21 39 -92
23 40 -92
33 14 -91
5 36 -90
32 30 -90
7 22 -89
32 11 -89
6 49 -88
32 23 -84
12 34 -84
30 10 -84
39 40 -83
49 37 -83
36 9 -81
2 45 -81
42 5 -81
30 49 -81
12 46 -81
48 37 -79
14 9 -78
6 31 -78
41 31 -77
13 40 -77
3 13 -77
6 7 -77
9 3 -76
35 28 -76
42 24 -76
5 29 -76
9 29 -75
41 35 -74
16 17 -74
29 47 -73
27 38 -72
10 41 -70
5 28 -70
32 42 -69
21 30 -68
9 21 -68
21 18 -68
40 0 -68
48 21 -68
15 29 -67
30 33 -67
27 8 -67
28 4 -67
15 45 -66
21 10 -65
36 43 -65
13 4 -65
9 35 -63
36 2 -63
19 7 -62
39 23 -61
1 45 -61
43 9 -61
34 14 -59
32 34 -59
2 8 -59
14 10 -58
36 21 -58
37 44 -57
20 34 -56
27 29 -55
42 2 -54
32 22 -53
27 34 -52
36 46 -51
7 31 -51
30 36 -51
19 36 -51
35 34 -50
47 37 -50
8 19 -50
48 49 -48
10 44 -47
48 28 -47
32 18 -46
42 39 -45
22 31 -45
18 7 -45
0 17 -45
35 49 -43
7 16 -42
48 6 -42
30 13 -41
48 27 -41
42 7 -39
12 25 -36
6 12 -34
31 38 -34
23 9 -33
7 47 -32
16 23 -32
42 16 -26
8 6 -25
1 26 -25
9 41 -24
47 44 -24
25 0 -24
24 28 -23
9 22 -23
10 22 -21
34 25 -19
9 24 -19
7 30 -19
15 40 -18
35 6 -18
47 48 -18
49 22 -18
13 45 -17
4 10 -17
20 48 -16
17 29 -16
35 10 -15
17 8 -15
10 24 -14
44 8 -12
40 43 -12
16 38 -11
39 31 -10
27 13 -7
45 5 -6
10 18 -6
6 14 -6
33 8 -6
8 26 -5
3 0 -3
23 6 -3
21 25 -3
20 36 -1
5 12 0
1 0 0
1 8 0
26 22 1
35 22 1
43 17 2
3 32 3
7 24 3
22 14 5
41 18 5
2 22 6
48 23 7
26 31 9
10 45 11
23 47 11
49 19 12
19 25 12
44 6 13
2 3 13
34 4 16
43 0 17
15 39 18
29 31 19
37 30 19
40 7 19
46 24 20
45 48 21
8 15 21
2 30 21
2 13 22
23 29 22
24 19 23
19 48 23
30 4 24
14 0 24
22 24 24
49 32 26
8 34 27
13 21 27
40 48 30
48 46 30
42 6 32
32 35 33
38 23 33
37 17 33
48 12 34
3 38 36
25 23 36
5 8 38
47 21 38
15 7 40
33 7 40
42 29 40
17 12 40
35 12 41
26 24 41
16 41 41
47 33 41
39 6 43
10 26 43
23 12 44
32 4 44
8 49 44
3 27 46
7 3 46
25 47 47
38 12 47
35 1 47
26 23 47
44 7 47
3 35 48
29 44 49
9 40 50
40 46 50
38 42 50
36 6 51
27 11 51
26 6 52
15 25 53
14 23 53
17 26 53
25 3 54
21 24 55
19 17 55
40 16 55
39 11 55
0 42 57
4 19 57
2 29 58
36 18 58
7 14 59
19 22 59
2 48 59
18 16 61
18 37 61
7 25 61
7 26 62
12 13 62
36 15 63
27 19 63
3 48 64
4 27 64
10 31 67
3 39 68
29 4 74
16 3 75
32 21 75
9 6 76
17 22 78
6 20 81
