-42196
126 284 -100
346 131 -100
353 69 -100
487 468 -100
443 148 -100
424 245 -100
232 363 -100
390 239 -100
330 365 -100
357 237 -100
151 414 -100
412 256 -100
161 193 -100
493 39 -100
323 318 -99
298 349 -99
219 12 -99
55 37 -99
50 482 -99
272 420 -99
427 105 -99
345 117 -99
140 401 -99
295 119 -99
227 62 -99
151 262 -99
105 436 -99
488 245 -99
483 411 -99
118 172 -99
455 281 -99
101 308 -99
173 383 -99
294 334 -99
459 279 -99
247 128 -99
125 154 -99
64 207 -99
98 7 -99
61 485 -99
177 421 -98
176 254 -98
126 443 -98
137 325 -98
9 133 -98
368 438 -98
81 264 -98
476 113 -98
392 182 -98
11 373 -98
228 254 -98
70 362 -98
167 219 -98
324 146 -98
312 379 -98
24 100 -98
301 469 -98
430 101 -98
88 365 -98
327 308 -98
355 375 -98
357 474 -97
286 51 -97
15 112 -97
132 474 -97
346 269 -97
253 295 -97
244 478 -97
236 454 -97
11 106 -97
307 191 -97
411 1 -97
152 357 -97
301 178 -97
59 477 -96
200 237 -96
9 234 -96
39 101 -96
70 6 -96
379 363 -96
175 430 -96
12 346 -96
76 33 -96
447 284 -96
466 176 -96
111 398 -96
467 22 -96
35 64 -96
354 297 -96
462 18 -96
135 270 -96
458 77 -95
301 24 -95
71 285 -95
412 171 -95
346 175 -95
293 216 -95
372 229 -95
47 340 -95
201 156 -95
50 256 -95
487 169 -95
213 59 -95
311 370 -95
410 261 -95
94 289 -94
389 220 -94
263 198 -94
317 227 -94
299 373 -94
61 84 -94
479 181 -94
430 106 -94
443 462 -94
93 253 -94
56 167 -94
383 292 -94
417 10 -94
138 328 -94
428 259 -94
27 138 -94
409 269 -93
39 277 -93
318 449 -93
276 260 -93
461 370 -93
96 60 -93
330 226 -93
461 23 -93
316 55 -93
438 408 -93
208 256 -93
312 440 -93
94 209 -93
77 43 -93
449 13 -93
267 235 -93
296 440 -93
118 255 -93
127 396 -93
300 419 -93
317 89 -93
412 287 -93
203 99 -93
429 358 -93
209 3 -93
128 161 -92
412 99 -92
261 419 -92
462 74 -92
192 14 -92
386 490 -92
476 477 -92
371 31 -92
126 109 -91
467 49 -91
229 385 -91
142 322 -91
166 390 -91
371 499 -91
304 9 -91
127 45 -91
351 282 -91
82 316 -91
233 143 -91
316 479 -91
156 41 -90
208 322 -90
213 355 -90
226 113 -90
363 82 -90
462 147 -90
331 432 -90
375 233 -90
190 174 -90
393 110 -90
353 483 -90
442 190 -90
221 150 -90
433 85 -90
178 264 -90
43 9 -90
101 422 -90
43 491 -90
105 17 -89
442 301 -89
349 92 -89
238 484 -89
226 80 -89
326 473 -89
432 480 -89
396 72 -89
78 263 -89
359 317 -89
242 31 -89
207 78 -89
79 138 -89
243 177 -89
50 336 -89
27 375 -89
332 170 -89
206 173 -89
407 144 -89
6 256 -88
194 452 -88
435 448 -88
2 201 -88
19 492 -88
107 335 -88
85 191 -88
236 411 -88
440 102 -88
48 449 -88
188 358 -88
120 499 -87
259 56 -87
109 207 -87
357 399 -87
483 239 -87
410 174 -87
26 179 -87
472 229 -87
347 293 -87
455 436 -87
304 148 -87
219 435 -87
118 262 -86
383 80 -86
101 388 -86
467 214 -86
417 264 -86
385 264 -86
61 145 -86
131 54 -86
489 360 -86
469 453 -86
311 118 -86
254 420 -85
162 171 -85
343 132 -85
200 277 -85
77 146 -85
228 456 -85
326 30 -85
277 492 -85
45 438 -85
433 125 -85
343 159 -85
299 131 -85
132 45 -85
231 254 -85
462 406 -85
366 358 -85
438 454 -85
194 421 -85
279 423 -85
236 3 -84
312 248 -84
390 395 -84
126 158 -84
236 146 -84
245 389 -84
406 325 -84
90 352 -84
220 370 -84
35 79 -84
311 144 -84
236 258 -84
269 77 -84
203 439 -84
254 462 -83
191 493 -83
488 457 -83
59 195 -83
455 298 -83
219 489 -83
127 398 -83
236 268 -83
216 212 -83
407 448 -83
466 250 -82
12 282 -82
455 342 -82
149 35 -82
44 222 -82
282 194 -82
294 490 -82
443 123 -82
474 25 -82
127 498 -82
183 210 -82
252 243 -82
36 162 -82
165 18 -81
317 113 -81
284 5 -81
452 168 -81
434 356 -81
192 363 -81
306 430 -81
198 92 -81
144 330 -81
209 408 -81
381 24 -81
282 375 -81
304 164 -80
114 435 -80
154 170 -80
84 443 -80
98 78 -80
191 217 -80
163 395 -80
43 62 -80
289 188 -80
483 141 -79
392 231 -79
20 423 -79
160 384 -79
497 81 -79
392 391 -79
196 154 -79
454 250 -79
493 315 -79
57 248 -79
182 50 -79
493 395 -79
152 489 -79
121 303 -79
492 420 -79
488 325 -78
138 486 -78
62 473 -78
383 196 -78
48 15 -78
159 155 -78
74 110 -78
183 31 -78
189 373 -78
235 2 -78
124 107 -78
38 235 -77
79 498 -77
423 400 -77
81 19 -77
7 336 -77
479 144 -77
432 65 -77
169 242 -77
318 172 -77
286 413 -76
488 232 -76
437 131 -76
262 292 -76
312 33 -76
327 382 -76
449 120 -76
40 208 -76
414 480 -76
455 82 -76
140 83 -76
27 40 -76
294 397 -76
439 304 -76
25 86 -76
428 44 -76
233 435 -75
124 318 -75
391 178 -75
471 350 -75
205 46 -75
325 143 -75
217 64 -75
98 325 -75
344 476 -75
495 413 -75
431 463 -75
291 76 -75
471 348 -75
130 250 -74
143 461 -74
371 228 -74
392 417 -74
55 368 -74
399 35 -74
162 125 -74
349 253 -74
471 4 -74
181 98 -74
491 362 -74
142 0 -74
452 311 -74
260 373 -74
419 4 -74
311 275 -74
236 442 -74
226 388 -73
32 386 -73
301 272 -73
33 29 -73
378 121 -73
54 96 -73
125 464 -73
389 196 -73
428 125 -73
0 494 -73
370 378 -73
348 55 -73
481 458 -72
305 384 -72
200 205 -72
330 16 -72
481 295 -72
222 462 -72
492 333 -72
392 121 -72
106 166 -72
8 246 -72
336 219 -72
156 210 -72
341 466 -72
342 459 -72
409 472 -72
433 319 -71
152 361 -71
22 79 -71
375 388 -71
405 383 -71
46 466 -71
209 145 -71
198 460 -71
335 302 -71
490 301 -71
251 347 -71
45 471 -71
73 93 -71
354 490 -71
82 392 -70
263 376 -70
195 140 -70
467 264 -70
454 333 -70
303 219 -70
496 390 -70
474 43 -70
98 195 -70
85 362 -70
345 341 -70
383 58 -70
492 391 -70
377 424 -70
124 196 -70
325 36 -70
331 249 -69
93 494 -69
222 498 -69
136 199 -69
394 312 -69
58 183 -69
481 171 -69
376 393 -69
232 187 -69
20 344 -69
61 208 -69
83 339 -69
284 297 -69
448 368 -69
37 317 -69
428 85 -69
227 318 -69
245 460 -69
193 240 -69
29 53 -69
309 132 -68
445 215 -68
477 486 -68
123 366 -68
199 328 -68
452 407 -68
70 135 -68
420 460 -68
465 402 -68
153 12 -68
52 436 -68
253 432 -68
76 445 -68
299 76 -68
351 309 -68
487 107 -68
354 169 -68
405 79 -68
12 454 -68
179 17 -68
282 231 -68
262 443 -68
4 413 -68
473 295 -67
154 14 -67
395 356 -67
63 237 -67
131 426 -67
45 316 -67
203 408 -67
445 111 -67
495 138 -67
392 189 -67
423 426 -67
431 164 -67
35 109 -67
358 98 -67
0 448 -67
148 9 -67
481 183 -67
464 74 -66
324 465 -66
126 174 -66
186 54 -66
221 355 -66
370 180 -66
428 278 -66
383 115 -66
331 256 -66
58 279 -66
16 92 -66
473 26 -66
408 411 -66
400 445 -66
122 45 -66
224 446 -66
39 263 -66
222 383 -66
365 384 -66
156 179 -66
253 252 -66
285 291 -66
420 199 -66
470 62 -66
435 441 -65
292 414 -65
165 175 -65
485 206 -65
228 42 -65
79 24 -65
337 184 -65
453 439 -65
158 476 -65
247 249 -65
153 30 -65
479 282 -65
142 140 -65
153 165 -65
90 202 -65
349 190 -65
291 334 -65
265 428 -65
388 79 -64
201 174 -64
55 76 -64
16 246 -64
463 428 -64
178 310 -64
359 247 -64
334 337 -64
330 435 -63
90 245 -63
25 15 -63
150 147 -63
312 240 -63
367 177 -63
299 35 -63
263 397 -63
478 405 -63
167 39 -63
427 268 -63
157 337 -63
357 73 -63
424 13 -63
461 53 -63
114 182 -63
414 289 -62
109 179 -62
236 431 -62
313 68 -62
251 122 -62
199 61 -62
49 30 -62
164 453 -62
326 341 -62
18 481 -62
352 27 -62
124 11 -62
295 70 -62
290 104 -62
315 65 -62
80 291 -62
294 71 -62
402 151 -62
184 2 -61
219 403 -61
365 185 -61
283 324 -61
445 410 -61
224 10 -61
407 100 -61
147 214 -61
449 73 -61
463 461 -61
281 404 -61
290 333 -61
5 468 -61
218 186 -61
327 457 -61
359 344 -61
248 251 -60
393 287 -60
461 26 -60
133 355 -60
102 484 -60
313 451 -60
78 173 -60
100 332 -60
48 298 -60
432 21 -60
442 325 -60
313 29 -60
42 494 -60
328 378 -60
208 411 -59
13 312 -59
377 483 -59
315 393 -59
193 373 -59
267 128 -59
207 190 -59
427 498 -59
230 225 -59
118 464 -59
487 474 -59
397 362 -59
318 446 -59
425 5 -59
423 454 -59
57 280 -58
293 215 -58
117 171 -58
129 413 -58
351 318 -58
189 384 -58
309 204 -58
221 119 -58
327 2 -57
349 83 -57
90 313 -57
436 216 -57
149 137 -57
311 410 -57
335 421 -57
417 9 -57
480 345 -57
466 283 -57
370 222 -57
460 326 -57
38 65 -57
332 143 -57
240 66 -57
44 35 -56
17 294 -56
494 106 -56
162 121 -56
200 161 -56
74 28 -56
399 324 -56
165 215 -56
80 114 -56
148 43 -56
30 24 -56
410 140 -56
303 109 -56
82 188 -56
13 322 -55
370 11 -55
178 292 -55
71 9 -55
416 236 -55
294 107 -55
468 235 -55
122 271 -55
433 494 -55
16 461 -55
64 42 -55
74 449 -55
46 328 -55
127 51 -55
256 371 -54
127 94 -54
113 335 -54
180 495 -54
355 463 -54
385 483 -54
377 5 -54
113 79 -54
453 279 -54
120 71 -54
12 151 -54
492 66 -54
109 256 -54
170 269 -54
311 419 -54
79 221 -54
211 182 -54
314 79 -54
49 82 -54
155 444 -54
195 317 -54
463 365 -54
455 93 -54
5 326 -54
62 428 -54
157 280 -53
307 200 -53
235 138 -53
275 26 -53
318 414 -53
248 400 -53
143 444 -53
1 278 -53
216 395 -53
242 297 -53
446 90 -53
174 163 -53
188 450 -53
497 86 -53
454 166 -53
222 279 -53
339 383 -53
235 452 -53
390 200 -53
52 31 -53
112 271 -53
1 400 -53
346 23 -52
85 251 -52
148 180 -52
60 229 -52
55 332 -52
130 71 -52
150 441 -52
60 42 -52
234 459 -52
355 264 -52
25 61 -52
24 151 -52
398 55 -52
375 183 -52
293 8 -52
341 224 -51
387 247 -51
84 470 -51
18 199 -51
493 143 -51
306 20 -51
88 39 -51
81 300 -51
314 246 -51
185 399 -51
274 451 -50
444 223 -50
242 357 -50
24 404 -50
295 293 -50
432 195 -50
210 252 -50
397 337 -50
166 31 -50
144 199 -50
494 269 -50
239 21 -50
383 192 -50
310 264 -50
337 372 -50
105 343 -50
312 203 -50
410 394 -50
399 312 -50
359 32 -50
89 491 -49
291 220 -49
357 276 -49
404 128 -49
324 255 -49
157 10 -49
111 7 -49
237 199 -49
340 488 -48
338 44 -48
334 278 -48
50 192 -48
255 245 -48
433 430 -48
421 283 -48
403 7 -48
259 130 -48
41 432 -48
76 77 -48
214 262 -48
310 199 -48
436 418 -48
447 95 -48
413 121 -48
447 131 -47
386 35 -47
463 113 -47
38 42 -47
204 103 -47
412 271 -47
298 495 -47
239 207 -47
466 327 -47
195 161 -46
60 184 -46
260 231 -46
489 158 -46
71 473 -46
56 70 -46
7 289 -46
302 179 -46
360 349 -46
173 249 -46
10 288 -46
241 392 -46
252 279 -45
340 466 -45
354 373 -45
227 354 -45
251 78 -45
468 421 -45
120 87 -45
430 278 -45
284 361 -45
168 454 -45
103 81 -45
206 146 -45
269 32 -45
438 119 -45
219 116 -45
219 316 -45
378 230 -45
296 243 -45
185 179 -45
79 358 -45
55 428 -45
127 294 -45
410 17 -44
25 497 -44
3 41 -44
66 95 -44
291 126 -44
122 344 -44
10 455 -44
115 495 -44
410 194 -44
190 151 -44
324 120 -44
35 474 -44
107 413 -44
221 350 -43
139 415 -43
113 427 -43
451 152 -43
469 437 -43
74 295 -43
106 379 -43
439 344 -43
365 461 -43
184 434 -43
74 81 -43
8 345 -43
48 349 -42
291 313 -42
474 323 -42
205 44 -42
450 354 -42
436 362 -42
191 177 -42
418 118 -42
85 395 -42
13 192 -42
173 248 -42
23 146 -42
381 352 -42
267 125 -42
293 370 -42
115 155 -42
434 332 -42
388 215 -42
343 423 -42
196 397 -42
55 0 -42
256 437 -42
58 322 -41
344 367 -41
81 311 -41
27 19 -41
60 108 -41
395 26 -41
477 200 -41
114 1 -41
204 114 -41
160 159 -41
387 99 -41
238 326 -41
45 206 -41
76 467 -41
474 44 -41
359 464 -41
327 132 -41
278 470 -41
81 136 -40
496 266 -40
387 269 -40
79 104 -40
286 186 -40
199 463 -40
265 326 -40
483 12 -40
259 185 -40
5 69 -40
89 485 -40
45 235 -40
47 105 -40
385 249 -40
236 333 -40
442 152 -40
401 197 -40
241 284 -40
286 266 -39
292 232 -39
134 424 -39
116 91 -39
252 22 -39
119 58 -39
195 402 -39
134 158 -39
441 116 -39
298 7 -39
443 469 -39
257 41 -39
394 494 -39
328 435 -38
170 204 -38
18 83 -38
76 197 -38
357 184 -38
41 95 -38
222 216 -38
466 75 -38
362 74 -38
68 368 -38
13 83 -38
257 442 -38
7 419 -38
115 121 -38
385 250 -38
15 328 -38
345 52 -38
34 497 -37
397 381 -37
329 491 -37
453 58 -37
251 136 -37
360 457 -37
29 429 -37
492 496 -37
460 172 -37
85 79 -37
359 444 -37
376 334 -37
226 283 -37
301 322 -37
372 336 -37
200 47 -37
426 295 -37
290 424 -37
201 479 -36
76 478 -36
90 147 -36
43 425 -36
394 11 -36
374 95 -36
105 177 -36
431 36 -36
43 313 -36
221 98 -36
105 211 -36
315 437 -36
31 73 -36
210 475 -36
223 83 -36
281 296 -36
74 445 -35
486 373 -35
195 18 -35
369 75 -35
6 292 -35
393 197 -35
388 106 -35
462 299 -35
76 20 -35
212 322 -35
387 192 -35
80 195 -35
328 329 -35
110 348 -34
336 171 -34
407 381 -34
294 157 -34
139 469 -34
74 233 -34
233 153 -34
479 421 -34
407 380 -34
217 182 -34
111 154 -34
289 115 -34
138 475 -34
177 329 -34
69 48 -34
217 213 -34
430 499 -34
128 191 -34
415 54 -33
270 385 -33
214 496 -33
434 182 -33
192 322 -33
384 347 -33
239 330 -33
26 113 -33
442 447 -33
137 224 -33
69 468 -33
356 70 -33
156 388 -33
462 213 -33
295 238 -32
98 100 -32
222 45 -32
187 384 -32
398 400 -32
496 209 -32
92 432 -32
32 394 -32
225 484 -32
400 184 -32
141 351 -32
186 60 -32
469 493 -32
85 300 -32
339 391 -32
59 43 -31
3 428 -31
429 304 -31
293 163 -31
60 161 -31
489 175 -31
372 209 -31
220 246 -31
313 302 -31
164 445 -31
337 398 -31
442 99 -31
429 355 -31
390 146 -31
39 191 -31
242 254 -31
18 448 -30
171 352 -30
375 173 -30
432 401 -30
443 81 -30
146 111 -30
276 201 -30
114 375 -30
417 101 -30
470 443 -30
140 467 -30
366 432 -30
301 368 -30
162 319 -30
277 477 -30
2 438 -30
240 341 -29
230 400 -29
400 252 -29
118 413 -29
448 109 -29
430 87 -29
495 465 -29
24 313 -29
450 396 -29
485 210 -29
163 236 -28
495 92 -28
246 376 -28
397 335 -28
306 433 -28
381 36 -28
496 354 -28
301 239 -28
398 433 -28
214 33 -28
436 400 -28
108 310 -28
298 316 -28
362 267 -28
74 339 -28
69 59 -28
193 85 -28
413 24 -28
60 51 -28
72 424 -28
306 315 -28
328 100 -28
448 371 -27
481 103 -27
223 290 -27
108 485 -27
29 308 -27
144 90 -27
290 312 -27
252 319 -27
269 418 -27
284 479 -27
236 112 -27
56 227 -27
478 393 -26
98 63 -26
61 122 -26
278 482 -26
174 463 -26
95 486 -26
323 434 -26
200 135 -26
266 445 -26
354 7 -26
451 246 -26
259 184 -26
365 322 -26
444 113 -26
342 12 -26
478 161 -26
104 419 -25
6 131 -25
423 355 -25
253 162 -25
276 445 -25
237 196 -25
218 263 -25
245 486 -25
365 470 -25
246 59 -25
215 27 -25
333 168 -25
194 362 -25
349 108 -25
25 375 -25
333 176 -25
398 13 -25
3 488 -25
335 248 -25
239 294 -25
108 186 -24
286 320 -24
205 310 -24
373 172 -24
88 245 -24
159 343 -24
488 338 -24
122 103 -24
23 265 -24
306 24 -24
93 163 -24
312 431 -24
140 406 -23
379 493 -23
458 374 -23
36 239 -23
112 370 -23
32 212 -23
274 248 -23
410 292 -23
341 41 -23
39 87 -23
115 1 -23
40 78 -23
429 376 -22
413 411 -22
206 295 -22
249 426 -22
4 378 -22
415 200 -22
212 217 -22
343 89 -21
133 489 -21
486 131 -21
177 171 -21
409 215 -21
366 218 -21
213 431 -21
310 470 -21
427 193 -21
16 177 -21
460 469 -21
417 134 -21
103 150 -21
342 73 -21
19 352 -20
184 48 -20
191 368 -20
126 257 -20
45 301 -20
386 227 -20
182 482 -20
115 257 -20
397 278 -20
179 58 -19
292 244 -19
327 190 -19
124 491 -19
348 283 -19
40 361 -19
260 97 -19
109 255 -19
128 9 -19
212 417 -19
87 289 -19
498 499 -19
97 390 -19
235 84 -19
7 260 -19
440 281 -18
470 154 -18
396 164 -18
335 148 -18
234 140 -18
96 426 -18
469 306 -18
468 372 -18
162 54 -18
24 231 -18
3 388 -18
482 173 -18
42 65 -18
1 356 -17
145 154 -17
69 369 -17
464 142 -17
361 329 -17
236 277 -17
133 162 -17
278 139 -17
255 459 -17
281 393 -17
61 318 -17
232 249 -17
25 40 -17
303 177 -17
308 360 -17
261 234 -16
225 303 -16
103 189 -16
499 169 -16
0 206 -16
430 135 -16
43 118 -16
68 153 -16
481 31 -16
288 190 -16
245 386 -16
110 45 -16
19 168 -16
325 163 -15
449 52 -15
311 150 -15
419 214 -15
61 449 -15
444 249 -15
272 247 -15
354 478 -15
187 429 -15
373 92 -15
311 400 -15
152 429 -15
241 138 -15
374 50 -15
15 52 -15
260 381 -15
398 57 -15
85 274 -15
133 247 -14
50 218 -14
345 363 -14
346 274 -14
54 26 -14
498 231 -14
364 60 -14
242 339 -14
316 120 -14
316 273 -14
112 477 -14
125 418 -14
229 273 -14
135 96 -14
92 18 -14
262 240 -14
256 46 -13
89 349 -13
40 367 -13
471 351 -13
57 214 -13
344 395 -13
220 467 -13
434 120 -13
34 191 -13
381 3 -13
232 487 -13
350 82 -12
286 39 -12
19 41 -12
459 38 -12
466 476 -12
360 247 -12
69 135 -12
494 98 -12
208 304 -12
404 6 -11
88 353 -11
61 36 -11
28 328 -11
159 107 -11
423 361 -11
449 374 -11
440 304 -11
396 496 -11
285 257 -11
357 102 -11
223 87 -11
5 401 -11
322 258 -11
62 401 -11
437 115 -10
107 134 -10
444 231 -10
245 302 -10
169 190 -10
85 220 -10
10 285 -10
361 149 -10
24 489 -10
43 89 -10
44 236 -10
497 216 -10
148 110 -10
68 315 -10
131 292 -10
308 340 -10
469 161 -10
127 178 -9
473 62 -9
293 455 -9
290 345 -9
463 287 -9
218 0 -9
157 402 -9
374 372 -9
328 103 -9
218 424 -9
197 5 -9
244 48 -9
52 29 -9
69 451 -9
209 49 -9
444 58 -9
189 72 -9
374 15 -9
348 329 -9
443 377 -9
429 368 -9
137 274 -8
165 298 -8
433 137 -8
131 251 -8
218 383 -8
242 90 -8
165 98 -8
3 187 -8
464 441 -8
120 135 -8
229 116 -8
234 309 -8
267 210 -8
384 97 -8
328 82 -8
178 114 -8
429 115 -7
452 183 -7
385 162 -7
38 222 -7
493 48 -7
199 168 -7
26 323 -7
42 282 -7
343 42 -7
352 362 -7
205 435 -7
340 385 -7
146 227 -7
299 451 -7
403 236 -7
251 247 -6
403 40 -6
220 480 -6
379 331 -6
78 20 -6
0 91 -6
470 68 -6
312 351 -6
461 299 -6
155 150 -6
46 230 -6
193 297 -5
381 450 -5
89 84 -5
411 124 -5
485 212 -5
476 427 -5
279 237 -5
341 394 -5
237 490 -5
224 231 -5
193 223 -5
127 450 -5
314 27 -5
460 32 -4
213 472 -4
118 421 -4
331 447 -4
326 483 -4
22 366 -4
286 429 -4
423 10 -4
34 475 -4
185 180 -4
131 120 -4
399 251 -3
206 357 -3
400 216 -3
29 478 -3
82 124 -3
267 411 -3
101 25 -3
447 336 -3
291 84 -3
313 441 -3
496 217 -3
132 8 -3
367 133 -3
92 51 -3
383 456 -3
181 43 -3
242 180 -3
291 455 -3
411 305 -3
420 489 -3
342 269 -2
142 198 -2
483 34 -2
301 458 -2
309 93 -2
419 319 -2
72 316 -2
72 97 -2
96 17 -2
28 451 -2
286 371 -2
184 194 -1
402 253 -1
315 284 -1
230 404 -1
73 429 -1
143 379 -1
366 208 -1
364 341 -1
54 493 -1
179 148 -1
498 96 -1
483 174 -1
176 131 -1
195 51 -1
489 11 -1
404 339 -1
497 109 -1
97 427 -1
250 497 -1
394 377 0
487 202 0
115 48 0
120 196 0
255 439 0
492 341 0
297 455 0
368 408 0
146 272 0
199 289 0
356 205 0
242 435 0
174 183 0
197 299 0
307 185 1
446 421 1
140 80 1
141 38 1
95 71 1
88 49 1
469 394 1
208 40 1
443 326 1
196 138 1
317 270 2
490 210 2
335 85 2
31 26 2
323 50 2
97 16 2
133 22 2
461 129 2
352 142 3
487 429 3
403 306 3
465 395 4
487 458 4
253 15 4
354 306 4
332 223 4
407 360 4
308 93 5
361 11 5
279 200 5
163 60 6
444 294 6
206 203 6
465 17 6
284 273 7
207 156 7
449 87 7
267 56 7
353 67 7
311 26 7
188 70 7
410 209 8
245 29 8
295 57 8
459 62 8
150 91 8
414 68 9
340 95 9
463 291 9
21 10 9
478 304 9
350 26 9
129 81 9
195 63 10
140 54 10
455 262 10
472 303 10
97 35 10
74 25 10
313 12 10
278 268 10
430 169 11
202 160 11
371 183 11
458 201 11
381 346 11
314 263 11
394 335 11
425 302 12
404 305 12
260 140 12
246 163 12
140 87 12
129 44 12
433 57 12
348 78 12
345 326 12
493 347 13
343 191 13
196 141 13
329 300 13
159 15 13
370 54 14
295 9 14
347 247 14
274 20 14
441 197 14
372 52 14
379 174 15
59 15 15
495 244 15
349 28 15
458 185 16
371 197 16
241 212 16
238 103 16
220 69 16
219 2 17
101 8 17
457 140 17
232 221 17
354 244 17
349 88 17
193 8 17
273 162 17
164 124 17
344 148 18
53 41 18
256 159 18
441 434 18
336 134 18
312 270 18
402 356 18
447 248 19
202 187 19
333 232 19
302 165 19
369 176 19
241 149 19
200 15 20
296 247 20
287 144 20
480 261 20
433 142 21
145 76 21
246 72 21
441 112 22
337 302 22
157 117 22
201 95 22
287 58 22
293 7 22
245 187 22
361 328 22
491 10 22
401 325 23
350 71 23
269 34 23
376 319 23
389 60 23
488 3 23
178 70 23
329 316 24
425 152 24
257 240 25
15 13 25
417 250 25
276 43 25
240 193 25
460 190 25
310 183 25
487 25 26
343 17 26
351 280 26
309 189 26
494 408 26
445 157 26
327 88 26
321 77 27
90 87 27
247 119 27
435 192 27
443 234 27
430 248 27
185 56 27
259 21 27
379 191 27
295 182 28
220 106 28
433 115 28
414 409 28
298 232 28
353 79 28
460 157 28
408 126 28
457 321 29
348 127 29
438 175 29
295 185 29
428 91 29
477 207 30
368 8 30
405 129 30
454 39 30
462 164 30
234 171 31
342 161 31
405 83 31
497 305 32
329 121 32
315 267 32
498 126 33
479 69 33
259 145 33
499 270 33
250 78 33
459 170 33
314 110 33
312 131 33
346 279 33
408 84 33
460 407 33
58 14 33
293 254 33
370 102 34
260 32 34
365 180 34
388 365 34
493 8 34
142 62 34
301 230 34
180 174 34
314 220 34
409 336 34
381 313 34
394 322 35
213 183 35
479 108 35
265 232 35
407 344 35
475 68 35
423 109 35
322 54 35
460 246 36
460 386 36
277 28 36
73 22 36
92 17 36
276 195 36
244 235 36
431 261 36
416 247 36
270 234 37
483 56 37
265 81 37
370 113 38
352 130 38
157 16 38
468 179 39
370 107 39
429 194 39
408 85 40
181 59 40
422 397 40
204 184 40
418 416 40
331 33 40
107 91 40
344 134 41
170 86 41
272 178 41
412 250 41
420 341 41
324 171 41
225 201 41
192 28 41
499 257 42
220 113 42
227 114 42
342 262 42
476 443 42
348 37 42
490 287 43
478 413 43
398 374 44
353 278 44
178 90 44
345 281 44
261 260 44
400 165 44
344 256 45
108 71 45
487 248 45
385 329 45
94 90 45
398 197 45
428 382 45
409 213 45
249 151 45
403 46 45
462 383 45
340 27 46
386 43 46
72 19 46
361 105 46
205 74 46
488 298 46
383 230 47
248 159 47
327 221 47
463 364 47
482 148 47
68 49 47
315 145 48
308 217 48
473 79 48
494 10 48
267 260 48
428 256 48
462 64 48
380 174 49
99 96 49
459 104 49
435 239 49
247 240 49
484 288 50
499 291 50
15 6 50
397 392 50
457 308 50
496 331 50
167 79 51
488 254 51
374 207 51
391 35 51
220 117 51
315 121 51
300 136 51
346 298 51
246 159 52
104 98 52
245 72 52
208 148 52
311 214 53
295 43 53
340 204 53
374 260 53
395 142 53
316 99 53
148 56 53
299 87 53
306 3 53
345 211 53
467 184 53
367 276 53
479 203 53
354 214 54
284 233 54
415 377 54
266 21 54
292 287 54
252 103 54
397 104 54
352 115 54
373 77 54
417 149 54
409 316 54
233 134 55
499 356 55
289 208 55
297 53 55
169 115 55
338 45 55
498 436 55
398 144 55
463 401 56
401 173 56
128 99 56
372 213 56
348 124 57
262 152 57
401 180 57
183 163 57
304 216 57
24 20 57
340 286 57
267 92 58
105 32 58
264 79 58
242 76 58
422 30 58
315 169 59
407 216 59
347 332 59
460 424 59
148 145 59
299 207 59
214 11 59
447 196 60
430 61 60
398 311 60
255 239 60
232 22 60
171 50 61
443 415 61
301 37 61
313 60 61
101 42 61
487 175 62
314 193 62
409 0 62
396 206 62
195 87 62
456 155 62
448 400 62
359 34 62
282 98 63
286 262 63
292 162 63
479 63 63
497 366 63
335 294 63
453 33 63
207 24 64
337 167 64
349 336 64
274 105 64
264 85 64
226 157 64
259 36 64
319 69 64
414 351 65
417 68 65
335 308 65
380 175 65
155 1 65
376 170 65
490 479 66
473 445 66
165 114 66
470 45 66
154 10 66
277 16 66
271 94 66
365 129 67
180 70 67
446 162 67
250 176 67
450 122 67
486 366 67
379 276 67
383 147 68
292 170 68
342 291 68
332 83 68
443 22 68
311 168 68
142 130 68
137 3 68
367 102 68
359 31 68
131 26 69
273 272 69
299 42 69
470 455 69
290 11 69
265 214 69
341 263 69
293 113 70
360 301 70
191 88 70
414 141 70
498 197 70
433 320 70
403 334 71
497 91 71
353 222 71
223 34 71
361 310 71
381 353 71
99 56 71
336 136 71
217 69 71
454 164 72
374 343 72
326 271 72
359 155 72
341 210 73
242 228 73
445 230 73
266 120 73
277 156 73
339 175 73
316 109 73
346 261 73
470 218 73
352 209 73
483 185 74
454 419 74
425 290 74
348 143 74
260 102 75
292 108 76
499 248 76
294 104 76
317 255 76
355 299 76
278 186 76
465 332 77
243 109 77
400 101 77
443 265 77
161 157 77
404 344 77
262 241 77
407 139 78
485 263 78
306 26 78
194 26 78
288 108 78
485 16 79
361 48 79
83 79 79
183 1 79
218 109 79
303 123 79
422 272 79
331 275 79
368 261 79
453 389 79
409 352 79
473 103 80
331 186 80
311 50 80
477 148 80
238 41 80
234 226 80
311 160 81
445 1 81
335 41 81
56 0 81
168 118 82
276 172 82
61 32 82
402 268 82
329 22 82
402 144 82
289 100 82
352 177 82
263 172 83
181 82 83
377 340 83
444 186 83
172 134 83
187 115 83
261 232 84
340 329 84
371 267 84
426 129 84
448 341 84
389 89 84
378 336 85
196 37 85
329 188 85
387 168 85
147 80 85
267 205 86
121 92 86
342 214 86
333 117 86
402 304 86
462 254 86
491 206 87
432 116 87
424 98 87
220 11 87
174 150 87
477 356 87
409 41 87
319 126 87
413 148 87
165 94 88
488 10 88
261 221 88
379 8 88
388 81 88
164 55 88
396 259 88
401 109 88
466 297 88
448 145 89
437 111 89
479 177 89
175 160 89
469 84 89
447 53 89
178 7 89
443 162 90
405 220 90
210 116 90
374 18 90
394 219 90
443 308 90
354 85 90
432 91 90
136 47 90
360 125 90
408 41 90
291 261 91
308 9 91
286 3 91
392 293 91
447 21 91
184 141 91
429 342 92
352 159 92
263 100 92
372 6 92
368 169 92
459 228 92
228 28 93
83 28 93
295 163 93
443 128 93
213 33 93
424 378 93
150 35 93
424 406 93
382 72 94
460 82 94
118 29 94
107 18 94
411 409 94
364 49 94
349 168 95
467 391 95
407 115 95
427 218 95
365 238 95
309 94 96
371 104 96
343 228 96
469 86 96
484 308 97
413 1 97
346 57 97
489 260 97
459 358 97
490 75 97
346 50 97
493 330 97
325 42 97
220 47 97
415 117 97
476 45 98
260 161 98
496 357 98
462 115 98
178 51 98
426 113 98
312 38 98
195 173 98
309 237 98
222 64 98
430 103 98
375 306 98
202 152 99
299 139 99
197 119 99
301 184 99
471 243 99
292 1 99
180 160 99
356 145 100
173 74 100
297 174 100
385 156 100
437 177 100
331 28 100
388 361 100
370 68 100
484 118 100
