-13905
87 1 -100
74 73 -100
66 14 -100
47 78 -100
99 27 -99
37 45 -99
91 3 -99
65 58 -98
50 83 -98
98 0 -98
96 88 -98
34 77 -98
16 51 -98
62 39 -98
54 88 -97
61 49 -97
77 47 -97
43 65 -97
26 23 -97
87 88 -96
85 23 -96
35 22 -96
51 6 -96
48 14 -96
57 97 -96
83 20 -95
27 98 -95
85 57 -94
16 30 -94
94 74 -94
35 73 -94
73 25 -93
40 41 -93
97 27 -93
20 82 -93
52 48 -93
26 16 -93
16 1 -93
84 41 -93
3 66 -92
90 32 -92
49 24 -92
59 48 -92
50 66 -92
88 79 -91
72 69 -91
42 72 -91
70 7 -91
85 69 -91
21 72 -91
16 39 -90
4 2 -90
72 98 -90
93 3 -89
23 82 -89
10 12 -89
0 83 -89
36 54 -89
84 45 -88
88 78 -88
22 3 -88
70 8 -88
25 9 -88
75 44 -88
40 76 -88
6 77 -87
85 86 -87
82 97 -87
6 64 -87
43 12 -87
37 33 -87
15 20 -87
67 49 -86
1 47 -86
68 79 -86
53 52 -86
46 84 -86
36 0 -86
79 26 -86
27 55 -85
21 84 -85
50 76 -85
23 25 -84
79 51 -84
80 68 -84
96 46 -84
98 94 -84
71 68 -84
66 9 -84
49 6 -84
23 56 -84
6 52 -84
18 95 -83
14 97 -83
3 8 -83
93 24 -83
46 13 -82
45 6 -82
88 55 -82
53 54 -82
36 87 -81
84 50 -81
93 4 -81
75 69 -80
96 42 -80
62 45 -80
2 80 -80
89 4 -80
76 86 -80
87 81 -80
78 6 -79
20 27 -79
34 60 -79
94 24 -79
83 31 -79
2 49 -79
36 18 -79
94 13 -79
21 47 -78
90 22 -78
59 20 -78
10 90 -77
60 63 -77
31 12 -77
6 1 -77
50 70 -76
48 87 -76
47 88 -75
57 41 -75
80 66 -75
61 25 -75
21 32 -75
15 72 -75
88 97 -74
20 55 -74
58 10 -74
94 39 -74
48 53 -74
64 42 -74
9 16 -74
47 93 -74
96 78 -74
61 71 -74
34 68 -73
60 33 -73
93 63 -73
10 88 -73
62 24 -73
81 19 -72
51 98 -72
14 30 -72
68 23 -72
95 37 -71
94 64 -71
68 52 -71
59 28 -70
32 27 -70
28 9 -70
60 86 -70
7 65 -70
53 65 -70
68 93 -70
53 93 -70
79 58 -69
16 97 -69
86 91 -69
63 66 -68
9 5 -68
83 72 -68
35 64 -67
61 30 -67
76 55 -67
4 14 -67
32 57 -66
2 42 -66
50 60 -66
20 54 -66
29 99 -66
29 60 -66
66 49 -65
85 46 -65
99 81 -64
31 84 -64
91 76 -64
63 73 -64
19 7 -63
43 84 -63
50 6 -63
78 11 -63
51 97 -62
52 86 -62
79 71 -62
97 54 -62
62 95 -61
36 83 -61
88 33 -61
82 38 -61
99 67 -61
78 22 -61
50 46 -61
6 56 -60
70 77 -60
1 79 -60
35 34 -60
76 63 -60
92 55 -59
95 5 -59
85 3 -59
9 77 -59
38 85 -59
15 45 -59
68 92 -58
30 45 -58
20 69 -57
47 82 -57
45 95 -57
56 95 -57
99 96 -57
79 30 -57
45 29 -56
78 67 -56
40 4 -56
14 1 -56
40 69 -56
85 8 -56
22 33 -55
59 24 -55
54 97 -55
32 30 -55
30 84 -55
60 91 -55
59 8 -55
78 10 -55
0 63 -54
3 91 -54
43 67 -54
5 31 -54
69 25 -53
18 83 -53
48 18 -53
67 66 -53
61 66 -53
52 22 -53
84 75 -53
89 37 -52
4 66 -52
46 12 -52
82 48 -52
5 92 -52
14 54 -52
17 28 -52
86 74 -52
15 53 -52
12 71 -52
3 46 -51
42 21 -51
95 22 -51
19 47 -51
90 6 -51
67 84 -51
46 66 -51
69 88 -50
0 12 -50
52 97 -50
53 43 -49
2 27 -49
36 72 -49
22 52 -49
90 23 -48
97 35 -47
61 54 -47
2 60 -47
83 39 -47
41 92 -47
46 74 -47
47 37 -47
79 3 -46
81 65 -46
3 56 -46
20 85 -46
53 14 -45
17 55 -45
59 79 -45
98 93 -45
49 34 -44
89 84 -44
53 80 -44
74 80 -44
50 26 -44
39 63 -44
47 36 -43
90 89 -43
87 31 -43
0 58 -43
75 95 -43
6 14 -43
29 26 -42
68 7 -42
18 2 -42
62 52 -41
39 46 -41
76 66 -41
2 95 -41
48 90 -40
58 6 -40
92 2 -40
51 91 -40
47 56 -39
91 48 -39
69 85 -39
71 10 -39
41 39 -39
14 87 -39
58 2 -38
54 29 -38
95 14 -38
53 8 -38
6 35 -38
74 56 -38
59 76 -38
39 76 -38
77 17 -37
21 56 -37
76 33 -37
94 55 -37
14 88 -37
15 14 -37
4 26 -36
97 2 -36
30 35 -36
61 93 -36
18 94 -35
15 13 -35
59 47 -35
18 34 -35
30 55 -35
7 19 -34
69 4 -34
13 50 -34
4 1 -34
20 64 -34
16 25 -33
48 10 -33
70 17 -33
18 24 -33
47 5 -33
59 23 -33
57 74 -33
53 68 -32
43 47 -32
55 35 -32
56 37 -32
56 84 -32
62 47 -32
93 85 -32
20 87 -31
50 35 -31
84 98 -31
7 17 -31
81 13 -31
48 15 -30
3 21 -30
98 24 -30
4 42 -30
65 30 -30
35 14 -29
34 7 -29
86 71 -29
34 86 -29
72 17 -28
47 62 -28
54 22 -28
23 15 -27
23 72 -27
60 75 -26
80 54 -26
43 7 -26
54 18 -26
19 55 -26
74 40 -26
38 30 -26
3 65 -25
10 99 -25
92 81 -25
66 18 -25
17 95 -25
33 72 -25
95 69 -25
43 49 -25
11 66 -25
81 59 -25
17 56 -24
97 60 -24
34 23 -24
40 94 -24
89 98 -24
24 11 -24
72 16 -23
0 27 -23
74 32 -23
31 19 -23
35 72 -23
36 30 -23
33 35 -22
80 97 -22
56 22 -22
32 92 -22
11 93 -21
55 81 -21
4 69 -21
36 58 -21
37 27 -21
13 19 -21
46 35 -20
50 98 -20
35 93 -20
70 73 -20
31 26 -20
77 28 -20
7 28 -19
64 35 -19
63 37 -19
32 88 -19
0 16 -19
1 38 -19
78 41 -19
77 98 -18
37 59 -18
78 57 -18
79 87 -17
18 28 -17
27 7 -17
69 34 -16
5 70 -16
46 8 -16
76 80 -16
88 63 -16
83 13 -15
35 57 -15
40 58 -15
37 44 -14
15 51 -14
22 82 -14
25 59 -13
91 52 -13
23 69 -12
0 20 -12
13 76 -12
54 98 -11
72 36 -11
8 51 -10
89 64 -10
56 61 -10
86 89 -9
67 58 -9
79 25 -9
12 48 -8
86 99 -8
82 43 -8
25 87 -7
17 54 -7
99 61 -7
32 2 -7
66 55 -6
59 94 -6
46 23 -6
3 67 -6
73 64 -6
9 48 -6
75 84 -5
55 52 -5
48 13 -5
17 39 -4
2 18 -4
48 21 -4
75 24 -4
77 32 -4
57 52 -3
98 40 -3
75 40 -3
56 42 -3
16 61 -3
97 56 -3
58 93 -3
47 20 -3
12 2 -3
8 79 -3
12 73 -2
39 8 -2
25 72 -2
58 96 -2
74 76 -2
27 88 -2
59 12 -1
72 53 -1
76 13 0
39 18 0
31 2 0
1 76 0
21 41 0
50 72 1
69 89 1
32 56 2
21 25 2
12 24 2
14 74 2
12 56 2
50 79 2
17 79 2
63 74 2
20 47 3
26 58 3
92 95 4
16 99 4
2 15 5
31 92 5
19 81 5
12 58 5
32 43 6
6 16 6
24 79 6
23 95 7
57 59 7
2 64 7
12 22 7
0 21 8
55 92 8
14 98 10
4 61 10
44 91 10
37 87 10
40 64 10
10 94 11
53 82 11
85 96 11
61 96 11
35 61 11
29 75 12
82 92 12
67 90 13
14 80 13
77 81 13
13 64 14
12 64 14
48 76 14
72 73 14
28 34 14
49 93 15
71 89 15
16 79 15
57 93 15
58 81 16
59 68 16
78 96 16
56 89 17
24 78 17
70 83 17
4 81 18
47 50 18
21 51 18
64 72 19
60 79 19
89 92 19
3 10 20
45 63 20
37 40 21
25 86 21
67 99 21
67 70 22
64 95 22
24 50 22
10 79 22
27 89 22
22 78 22
53 97 22
53 91 23
13 55 24
31 42 25
3 19 25
92 99 26
55 85 26
4 94 27
54 76 28
63 91 28
39 64 29
36 84 29
44 50 30
39 78 30
40 51 30
81 90 30
63 86 31
1 94 31
16 91 31
5 64 31
2 88 32
15 24 32
28 84 32
52 88 33
7 10 33
18 40 33
16 17 34
39 82 35
3 62 35
26 65 35
8 74 35
38 87 35
24 34 36
21 34 36
0 43 36
24 87 36
3 77 36
62 98 37
45 66 37
34 55 37
41 57 37
40 80 37
34 97 38
43 87 38
37 50 38
3 39 38
51 89 39
16 92 39
33 39 39
62 71 40
14 26 40
85 93 40
37 58 40
31 96 40
1 21 41
65 84 41
61 83 41
4 70 42
44 51 42
15 29 43
63 72 43
49 71 44
50 63 44
5 21 44
75 77 45
19 25 45
41 48 45
0 13 45
37 61 45
15 58 46
43 62 46
29 90 46
68 85 47
53 87 48
47 96 48
65 83 48
8 23 49
20 61 50
0 40 50
4 16 50
48 66 51
53 92 51
12 53 51
2 97 51
29 64 51
71 95 51
26 42 52
28 78 52
25 71 52
4 67 53
29 46 53
78 84 53
60 93 53
1 97 53
15 93 54
23 64 55
20 46 55
11 54 55
54 90 56
64 67 56
74 91 56
32 46 57
10 57 57
42 86 57
28 51 59
27 59 59
60 84 60
10 89 60
1 39 61
5 8 61
21 68 62
12 92 62
22 30 63
64 93 63
15 30 63
72 86 64
4 56 64
72 90 65
17 94 65
30 44 66
1 99 66
8 29 66
59 88 67
32 44 67
25 64 68
3 26 69
67 98 69
14 21 69
35 54 70
19 37 71
22 27 71
8 17 71
51 73 72
3 41 73
34 76 73
14 37 73
2 62 74
1 2 75
20 32 75
39 66 77
3 57 78
8 75 78
22 94 78
31 94 79
41 80 80
48 88 80
45 90 81
9 70 82
47 51 82
32 51 82
21 97 83
1 25 84
5 7 84
22 58 84
76 83 85
31 75 85
26 39 86
18 58 86
11 39 86
7 52 86
4 62 87
3 45 88
14 94 88
54 87 89
22 23 90
66 81 90
61 68 90
59 98 91
45 46 91
44 83 91
9 62 91
43 50 93
32 67 93
39 48 93
56 70 95
34 48 97
52 79 98
74 79 98
45 74 98
20 42 98
14 38 98
6 21 99
12 31 99
2 12 99
25 54 100
46 55 100
5 17 100
